Determining if the pthread_create exist failed with the following output:
Change Dir: /home/jeff/catkin_ws/build/CMakeFiles/CMakeTmp

Run Build Command:/usr/bin/make "cmTryCompileExec532041270/fast"
/usr/bin/make -f CMakeFiles/cmTryCompileExec532041270.dir/build.make CMakeFiles/cmTryCompileExec532041270.dir/build
make[1]: Entering directory `/home/jeff/catkin_ws/build/CMakeFiles/CMakeTmp'
/usr/bin/cmake -E cmake_progress_report /home/jeff/catkin_ws/build/CMakeFiles/CMakeTmp/CMakeFiles 1
Building C object CMakeFiles/cmTryCompileExec532041270.dir/CheckSymbolExists.c.o
/usr/bin/cc    -o CMakeFiles/cmTryCompileExec532041270.dir/CheckSymbolExists.c.o   -c /home/jeff/catkin_ws/build/CMakeFiles/CMakeTmp/CheckSymbolExists.c
Linking C executable cmTryCompileExec532041270
/usr/bin/cmake -E cmake_link_script CMakeFiles/cmTryCompileExec532041270.dir/link.txt --verbose=1
/usr/bin/cc       CMakeFiles/cmTryCompileExec532041270.dir/CheckSymbolExists.c.o  -o cmTryCompileExec532041270 -rdynamic 
CMakeFiles/cmTryCompileExec532041270.dir/CheckSymbolExists.c.o: In function `main':
CheckSymbolExists.c:(.text+0x16): undefined reference to `pthread_create'
collect2: error: ld returned 1 exit status
make[1]: *** [cmTryCompileExec532041270] Error 1
make[1]: Leaving directory `/home/jeff/catkin_ws/build/CMakeFiles/CMakeTmp'
make: *** [cmTryCompileExec532041270/fast] Error 2

File /home/jeff/catkin_ws/build/CMakeFiles/CMakeTmp/CheckSymbolExists.c:
/* */
#include <pthread.h>

int main(int argc, char** argv)
{
  (void)argv;
#ifndef pthread_create
  return ((int*)(&pthread_create))[argc];
#else
  (void)argc;
  return 0;
#endif
}

Determining if the function pthread_create exists in the pthreads failed with the following output:
Change Dir: /home/jeff/catkin_ws/build/CMakeFiles/CMakeTmp

Run Build Command:/usr/bin/make "cmTryCompileExec4112379066/fast"
/usr/bin/make -f CMakeFiles/cmTryCompileExec4112379066.dir/build.make CMakeFiles/cmTryCompileExec4112379066.dir/build
make[1]: Entering directory `/home/jeff/catkin_ws/build/CMakeFiles/CMakeTmp'
/usr/bin/cmake -E cmake_progress_report /home/jeff/catkin_ws/build/CMakeFiles/CMakeTmp/CMakeFiles 1
Building C object CMakeFiles/cmTryCompileExec4112379066.dir/CheckFunctionExists.c.o
/usr/bin/cc   -DCHECK_FUNCTION_EXISTS=pthread_create   -o CMakeFiles/cmTryCompileExec4112379066.dir/CheckFunctionExists.c.o   -c /usr/share/cmake-2.8/Modules/CheckFunctionExists.c
Linking C executable cmTryCompileExec4112379066
/usr/bin/cmake -E cmake_link_script CMakeFiles/cmTryCompileExec4112379066.dir/link.txt --verbose=1
/usr/bin/cc   -DCHECK_FUNCTION_EXISTS=pthread_create    CMakeFiles/cmTryCompileExec4112379066.dir/CheckFunctionExists.c.o  -o cmTryCompileExec4112379066 -rdynamic -lpthreads 
/usr/bin/ld: cannot find -lpthreads
collect2: error: ld returned 1 exit status
make[1]: *** [cmTryCompileExec4112379066] Error 1
make[1]: Leaving directory `/home/jeff/catkin_ws/build/CMakeFiles/CMakeTmp'
make: *** [cmTryCompileExec4112379066/fast] Error 2


